2020-11-07 22:26:44,137 INFO [main] Starting DemoApplication on DESKTOP-RFBLI1V with PID 14312 (C:\WorkSpace\elk\target\classes started by choisangyong in C:\WorkSpace\elk)
2020-11-07 22:26:44,141 INFO [main] No active profile set, falling back to default profiles: default
2020-11-07 22:26:45,466 INFO [main] Tomcat initialized with port(s): 8080 (http)
2020-11-07 22:26:45,483 INFO [main] Initializing ProtocolHandler ["http-nio-8080"]
2020-11-07 22:26:45,484 INFO [main] Starting service [Tomcat]
2020-11-07 22:26:45,485 INFO [main] Starting Servlet engine: [Apache Tomcat/9.0.39]
2020-11-07 22:26:45,652 INFO [main] Initializing Spring embedded WebApplicationContext
2020-11-07 22:26:45,653 INFO [main] Root WebApplicationContext: initialization completed in 1430 ms
2020-11-07 22:26:45,937 INFO [main] Initializing ExecutorService 'applicationTaskExecutor'
2020-11-07 22:26:46,167 INFO [main] Starting ProtocolHandler ["http-nio-8080"]
2020-11-07 22:26:46,252 INFO [main] Tomcat started on port(s): 8080 (http) with context path ''
2020-11-07 22:26:46,273 INFO [main] Started DemoApplication in 2.729 seconds (JVM running for 4.334)
2020-11-07 22:27:44,911 ERROR [main] Application run failed
java.lang.IllegalStateException: Logback configuration error detected: 
ERROR in ch.qos.logback.core.joran.action.AppenderRefAction - Could not find an appender named [dailyRollingFileAppender]. Did you define it below instead of above in the configuration file?
ERROR in ch.qos.logback.core.joran.action.AppenderRefAction - See http://logback.qos.ch/codes.html#appender_order for more details.
	at org.springframework.boot.logging.logback.LogbackLoggingSystem.loadConfiguration(LogbackLoggingSystem.java:169)
	at org.springframework.boot.logging.AbstractLoggingSystem.initializeWithConventions(AbstractLoggingSystem.java:80)
	at org.springframework.boot.logging.AbstractLoggingSystem.initialize(AbstractLoggingSystem.java:60)
	at org.springframework.boot.logging.logback.LogbackLoggingSystem.initialize(LogbackLoggingSystem.java:118)
	at org.springframework.boot.context.logging.LoggingApplicationListener.initializeSystem(LoggingApplicationListener.java:306)
	at org.springframework.boot.context.logging.LoggingApplicationListener.initialize(LoggingApplicationListener.java:281)
	at org.springframework.boot.context.logging.LoggingApplicationListener.onApplicationEnvironmentPreparedEvent(LoggingApplicationListener.java:239)
	at org.springframework.boot.context.logging.LoggingApplicationListener.onApplicationEvent(LoggingApplicationListener.java:216)
	at org.springframework.context.event.SimpleApplicationEventMulticaster.doInvokeListener(SimpleApplicationEventMulticaster.java:172)
	at org.springframework.context.event.SimpleApplicationEventMulticaster.invokeListener(SimpleApplicationEventMulticaster.java:165)
	at org.springframework.context.event.SimpleApplicationEventMulticaster.multicastEvent(SimpleApplicationEventMulticaster.java:139)
	at org.springframework.context.event.SimpleApplicationEventMulticaster.multicastEvent(SimpleApplicationEventMulticaster.java:127)
	at org.springframework.boot.context.event.EventPublishingRunListener.environmentPrepared(EventPublishingRunListener.java:80)
	at org.springframework.boot.SpringApplicationRunListeners.environmentPrepared(SpringApplicationRunListeners.java:53)
	at org.springframework.boot.SpringApplication.prepareEnvironment(SpringApplication.java:345)
	at org.springframework.boot.SpringApplication.run(SpringApplication.java:308)
	at org.springframework.boot.SpringApplication.run(SpringApplication.java:1237)
	at org.springframework.boot.SpringApplication.run(SpringApplication.java:1226)
	at com.elk.demo.DemoApplication.main(DemoApplication.java:12)
2020-11-07 22:27:53,184 INFO [main] Starting DemoApplication on DESKTOP-RFBLI1V with PID 4792 (C:\WorkSpace\elk\target\classes started by choisangyong in C:\WorkSpace\elk)
2020-11-07 22:27:53,188 INFO [main] No active profile set, falling back to default profiles: default
2020-11-07 22:27:54,121 INFO [main] Tomcat initialized with port(s): 8080 (http)
2020-11-07 22:27:54,130 INFO [main] Initializing ProtocolHandler ["http-nio-8080"]
2020-11-07 22:27:54,131 INFO [main] Starting service [Tomcat]
2020-11-07 22:27:54,131 INFO [main] Starting Servlet engine: [Apache Tomcat/9.0.39]
2020-11-07 22:27:54,223 INFO [main] Initializing Spring embedded WebApplicationContext
2020-11-07 22:27:54,223 INFO [main] Root WebApplicationContext: initialization completed in 990 ms
2020-11-07 22:27:54,464 INFO [main] Initializing ExecutorService 'applicationTaskExecutor'
2020-11-07 22:27:54,671 INFO [main] Starting ProtocolHandler ["http-nio-8080"]
2020-11-07 22:27:54,742 INFO [main] Tomcat started on port(s): 8080 (http) with context path ''
2020-11-07 22:27:54,761 INFO [main] Started DemoApplication in 2.274 seconds (JVM running for 3.481)
2020-11-07 22:29:11,409 INFO [main] Starting DemoApplication on DESKTOP-RFBLI1V with PID 22888 (C:\WorkSpace\elk\target\classes started by choisangyong in C:\WorkSpace\elk)
2020-11-07 22:29:11,412 INFO [main] No active profile set, falling back to default profiles: default
2020-11-07 22:29:12,353 INFO [main] Tomcat initialized with port(s): 8080 (http)
2020-11-07 22:29:12,363 INFO [main] Initializing ProtocolHandler ["http-nio-8080"]
2020-11-07 22:29:12,364 INFO [main] Starting service [Tomcat]
2020-11-07 22:29:12,364 INFO [main] Starting Servlet engine: [Apache Tomcat/9.0.39]
2020-11-07 22:29:12,460 INFO [main] Initializing Spring embedded WebApplicationContext
2020-11-07 22:29:12,460 INFO [main] Root WebApplicationContext: initialization completed in 998 ms
2020-11-07 22:29:12,657 INFO [main] Initializing ExecutorService 'applicationTaskExecutor'
2020-11-07 22:29:12,828 INFO [main] Starting ProtocolHandler ["http-nio-8080"]
2020-11-07 22:29:12,891 INFO [main] Tomcat started on port(s): 8080 (http) with context path ''
2020-11-07 22:29:12,905 INFO [main] Started DemoApplication in 2.047 seconds (JVM running for 3.134)
2020-11-07 22:32:49,973 INFO [main] Starting DemoApplication on DESKTOP-RFBLI1V with PID 20100 (C:\WorkSpace\elk\target\classes started by choisangyong in C:\WorkSpace\elk)
2020-11-07 22:32:49,977 INFO [main] No active profile set, falling back to default profiles: default
2020-11-07 22:32:51,018 INFO [main] Tomcat initialized with port(s): 8080 (http)
2020-11-07 22:32:51,032 INFO [main] Initializing ProtocolHandler ["http-nio-8080"]
2020-11-07 22:32:51,033 INFO [main] Starting service [Tomcat]
2020-11-07 22:32:51,033 INFO [main] Starting Servlet engine: [Apache Tomcat/9.0.39]
2020-11-07 22:32:51,168 INFO [main] Initializing Spring embedded WebApplicationContext
2020-11-07 22:32:51,169 INFO [main] Root WebApplicationContext: initialization completed in 1135 ms
2020-11-07 22:32:51,441 INFO [main] Initializing ExecutorService 'applicationTaskExecutor'
2020-11-07 22:32:51,647 INFO [main] Starting ProtocolHandler ["http-nio-8080"]
2020-11-07 22:32:51,736 INFO [main] Tomcat started on port(s): 8080 (http) with context path ''
2020-11-07 22:32:51,758 INFO [main] Started DemoApplication in 2.497 seconds (JVM running for 3.524)
